c:\users\byungmoon\desktop\3-2수업자료\interactivegraphics\bdengine_v13\bdengine_v13\release\vc120.pdb
c:\users\byungmoon\desktop\3-2수업자료\interactivegraphics\bdengine_v13\bdengine_v13\release\vertexbufferobject.obj
c:\users\byungmoon\desktop\3-2수업자료\interactivegraphics\bdengine_v13\bdengine_v13\release\texturemgr.obj
c:\users\byungmoon\desktop\3-2수업자료\interactivegraphics\bdengine_v13\bdengine_v13\release\texture.obj
c:\users\byungmoon\desktop\3-2수업자료\interactivegraphics\bdengine_v13\bdengine_v13\release\shader.obj
c:\users\byungmoon\desktop\3-2수업자료\interactivegraphics\bdengine_v13\bdengine_v13\release\rendermain.obj
c:\users\byungmoon\desktop\3-2수업자료\interactivegraphics\bdengine_v13\bdengine_v13\release\quad.obj
c:\users\byungmoon\desktop\3-2수업자료\interactivegraphics\bdengine_v13\bdengine_v13\release\objmodel.obj
c:\users\byungmoon\desktop\3-2수업자료\interactivegraphics\bdengine_v13\bdengine_v13\release\main.obj
c:\users\byungmoon\desktop\3-2수업자료\interactivegraphics\bdengine_v13\bdengine_v13\release\lecture5.obj
c:\users\byungmoon\desktop\3-2수업자료\interactivegraphics\bdengine_v13\bdengine_v13\release\lecture10.obj
c:\users\byungmoon\desktop\3-2수업자료\interactivegraphics\bdengine_v13\bdengine_v13\release\geometry.obj
c:\users\byungmoon\desktop\3-2수업자료\interactivegraphics\bdengine_v13\bdengine_v13\release\cubemap.obj
c:\users\byungmoon\desktop\3-2수업자료\interactivegraphics\bdengine_v13\bdengine_v13\release\cube.obj
c:\users\byungmoon\desktop\3-2수업자료\interactivegraphics\bdengine_v13\bdengine_v13\release\camera.obj
c:\users\byungmoon\desktop\3-2수업자료\interactivegraphics\bdengine_v13\bdengine_v13\release\application.obj
c:\users\byungmoon\desktop\3-2수업자료\interactivegraphics\bdengine_v13\bdengine_v13\release\final.obj
c:\users\byungmoon\desktop\3-2수업자료\interactivegraphics\bdengine_v13\bdengine_v13\release\light.obj
c:\users\byungmoon\desktop\3-2수업자료\interactivegraphics\bdengine_v13\bdengine_v13\release\lightmain.obj
c:\users\byungmoon\desktop\3-2수업자료\interactivegraphics\bdengine_v13\release\bdengine_v13.exe
c:\users\byungmoon\desktop\3-2수업자료\interactivegraphics\bdengine_v13\release\bdengine_v13.pdb
c:\users\byungmoon\desktop\3-2수업자료\interactivegraphics\bdengine_v13\bdengine_v13\release\bdengine_v13.tlog\cl.command.1.tlog
c:\users\byungmoon\desktop\3-2수업자료\interactivegraphics\bdengine_v13\bdengine_v13\release\bdengine_v13.tlog\cl.read.1.tlog
c:\users\byungmoon\desktop\3-2수업자료\interactivegraphics\bdengine_v13\bdengine_v13\release\bdengine_v13.tlog\cl.write.1.tlog
c:\users\byungmoon\desktop\3-2수업자료\interactivegraphics\bdengine_v13\bdengine_v13\release\bdengine_v13.tlog\link.command.1.tlog
c:\users\byungmoon\desktop\3-2수업자료\interactivegraphics\bdengine_v13\bdengine_v13\release\bdengine_v13.tlog\link.read.1.tlog
c:\users\byungmoon\desktop\3-2수업자료\interactivegraphics\bdengine_v13\bdengine_v13\release\bdengine_v13.tlog\link.write.1.tlog
